0 verbose cli /usr/bin/node /usr/bin/npm
1 info using npm@10.8.2
2 info using node@v20.20.1
3 silly config load:file:/usr/lib/node_modules/npm/npmrc
4 silly config load:file:/data/emerald/emerald/.npmrc
5 silly config load:file:/usr/etc/npmrc
6 verbose title npm run start --port 3600
7 verbose argv "run" "start" "--" "--port" "3600"
8 verbose logfile logs-max:10 dir:/data/emerald/emerald/.npm/_logs/2026-03-06T05_42_27_584Z-
9 verbose logfile /data/emerald/emerald/.npm/_logs/2026-03-06T05_42_27_584Z-debug-0.log
10 silly logfile start cleaning logs, removing 1 files
11 silly logfile done cleaning log files
12 http fetch GET 200 https://registry.npmjs.org/npm 5168ms
13 verbose cwd /data/emerald/emerald
14 verbose os Linux 5.14.0-611.16.1.el9_7.x86_64
15 verbose node v20.20.1
16 verbose npm  v10.8.2
17 notice
17 notice New major version of npm available! 10.8.2 -> 11.11.0
17 notice Changelog: https://github.com/npm/cli/releases/tag/v11.11.0
17 notice To update run: npm install -g npm@11.11.0
17 notice  { force: true, [Symbol(proc-log.meta)]: true }
18 verbose exit 0
19 info ok
